<?xml version="1.0" encoding="UTF-8"?>
<!-- Generated by org.testng.reporters.JUnitXMLReporter -->
<testsuite hostname="DESKTOP-GRFQ9AT" ignored="0" name="Chrome" tests="1" failures="1" timestamp="16 Oct 2021 04:24:12 GMT" time="67.55" errors="0">
  <testcase name="verifyTestingShastraHomePageTitle" time="2.888" classname="com.parameterization.Parameterdemo">
    <failure type="java.lang.AssertionError" message="expected [Testing Shastra] but found [Testing Shastra | Training | Placement]">
      <![CDATA[java.lang.AssertionError: expected [Testing Shastra] but found [Testing Shastra | Training | Placement]
at com.parameterization.Parameterdemo.verifyTestingShastraHomePageTitle(Parameterdemo.java:18)
at java.util.concurrent.FutureTask.run(FutureTask.java:266)
at java.util.concurrent.ThreadPoolExecutor.runWorker(ThreadPoolExecutor.java:1149)
at java.util.concurrent.ThreadPoolExecutor$Worker.run(ThreadPoolExecutor.java:624)
at java.lang.Thread.run(Thread.java:748)
... Removed 22 stack frames]]>
    </failure>
  </testcase> <!-- verifyTestingShastraHomePageTitle -->
</testsuite> <!-- Chrome -->
