<?xml version="1.0" encoding="UTF-8"?>
<!-- Generated by org.testng.reporters.JUnitXMLReporter -->
<testsuite hostname="DESKTOP-GRFQ9AT" ignored="0" name="Test" tests="1" failures="0" timestamp="14 Oct 2021 15:15:14 GMT" time="0.123" errors="0">
  <testcase name="@BeforeMethod setup" time="0.0" classname="com.config.BaseClass">
    <failure type="org.testng.TestNGException" message="
Parameter &amp;apos;browser-name&amp;apos; is required by BeforeMethod on method setup but has not been marked @Optional or defined
in D:\java\demotestng\parameterization.xml">
      <![CDATA[org.testng.TestNGException: 
Parameter 'browser-name' is required by BeforeMethod on method setup but has not been marked @Optional or defined
in D:\java\demotestng\parameterization.xml
... Removed 29 stack frames]]>
    </failure>
  </testcase> <!-- @BeforeMethod setup -->
  <testcase name="verifyTestingShastraHomePageTitle" time="0.0" classname="com.parameterization.Parameterdemo">
    <skipped/>
  </testcase> <!-- verifyTestingShastraHomePageTitle -->
</testsuite> <!-- Test -->
